Release 14.7 - xst P.20131013 (nt64)
Copyright (c) 1995-2013 Xilinx, Inc.  All rights reserved.
--> Parameter TMPDIR set to xst/projnav.tmp


Total REAL time to Xst completion: 0.00 secs
Total CPU time to Xst completion: 0.08 secs
 
--> Parameter xsthdpdir set to xst


Total REAL time to Xst completion: 0.00 secs
Total CPU time to Xst completion: 0.08 secs
 
--> Reading design: fsm_1.prj

TABLE OF CONTENTS
  1) Synthesis Options Summary
  2) HDL Parsing
  3) HDL Elaboration
  4) HDL Synthesis
       4.1) HDL Synthesis Report
  5) Advanced HDL Synthesis
       5.1) Advanced HDL Synthesis Report
  6) Low Level Synthesis
  7) Partition Report
  8) Design Summary
       8.1) Primitive and Black Box Usage
       8.2) Device utilization summary
       8.3) Partition Resource Summary
       8.4) Timing Report
            8.4.1) Clock Information
            8.4.2) Asynchronous Control Signals Information
            8.4.3) Timing Summary
            8.4.4) Timing Details
            8.4.5) Cross Clock Domains Report


=========================================================================
*                      Synthesis Options Summary                        *
=========================================================================
---- Source Parameters
Input File Name                    : "fsm_1.prj"
Ignore Synthesis Constraint File   : NO

---- Target Parameters
Output File Name                   : "fsm_1"
Output Format                      : NGC
Target Device                      : xc7k70t-3-fbg676

---- Source Options
Top Module Name                    : fsm_1
Automatic FSM Extraction           : YES
FSM Encoding Algorithm             : Johnson
Safe Implementation                : No
FSM Style                          : LUT
RAM Extraction                     : Yes
RAM Style                          : Auto
ROM Extraction                     : Yes
Shift Register Extraction          : YES
ROM Style                          : Auto
Resource Sharing                   : YES
Asynchronous To Synchronous        : NO
Shift Register Minimum Size        : 2
Use DSP Block                      : Auto
Automatic Register Balancing       : No

---- Target Options
LUT Combining                      : Auto
Reduce Control Sets                : Auto
Add IO Buffers                     : YES
Global Maximum Fanout              : 100000
Add Generic Clock Buffer(BUFG)     : 32
Register Duplication               : YES
Optimize Instantiated Primitives   : NO
Use Clock Enable                   : Auto
Use Synchronous Set                : Auto
Use Synchronous Reset              : Auto
Pack IO Registers into IOBs        : Auto
Equivalent register Removal        : YES

---- General Options
Optimization Goal                  : Speed
Optimization Effort                : 1
Power Reduction                    : NO
Keep Hierarchy                     : No
Netlist Hierarchy                  : As_Optimized
RTL Output                         : Yes
Global Optimization                : AllClockNets
Read Cores                         : YES
Write Timing Constraints           : NO
Cross Clock Analysis               : NO
Hierarchy Separator                : /
Bus Delimiter                      : <>
Case Specifier                     : Maintain
Slice Utilization Ratio            : 100
BRAM Utilization Ratio             : 100
DSP48 Utilization Ratio            : 100
Auto BRAM Packing                  : NO
Slice Utilization Ratio Delta      : 5

=========================================================================


=========================================================================
*                          HDL Parsing                                  *
=========================================================================
Parsing VHDL file "C:\ff\S_box_gost\fsm_1.vhd" into library work
Parsing entity <fsm_1>.
Parsing architecture <Behavioral> of entity <fsm_1>.

=========================================================================
*                            HDL Elaboration                            *
=========================================================================

Elaborating entity <fsm_1> (architecture <Behavioral>) from library <work>.
WARNING:HDLCompiler:92 - "C:\ff\S_box_gost\fsm_1.vhd" Line 19: start_state should be on the sensitivity list of the process

=========================================================================
*                           HDL Synthesis                               *
=========================================================================

Synthesizing Unit <fsm_1>.
    Related source file is "C:\ff\S_box_gost\fsm_1.vhd".
    Found 1-bit register for signal <y>.
    Found 1-bit register for signal <state<1>>.
    Found 1-bit register for signal <state<0>>.
    Found 2-bit 4-to-1 multiplexer for signal <state[1]_state[1]_wide_mux_9_OUT> created at line 30.
    Found 1-bit 4-to-1 multiplexer for signal <state[1]_y_Mux_10_o> created at line 30.
    Summary:
	inferred   3 D-type flip-flop(s).
	inferred  15 Multiplexer(s).
Unit <fsm_1> synthesized.

=========================================================================
HDL Synthesis Report

Macro Statistics
# Registers                                            : 3
 1-bit register                                        : 3
# Multiplexers                                         : 15
 1-bit 2-to-1 multiplexer                              : 5
 1-bit 4-to-1 multiplexer                              : 1
 2-bit 2-to-1 multiplexer                              : 8
 2-bit 4-to-1 multiplexer                              : 1

=========================================================================

=========================================================================
*                       Advanced HDL Synthesis                          *
=========================================================================


=========================================================================
Advanced HDL Synthesis Report

Macro Statistics
# Registers                                            : 3
 Flip-Flops                                            : 3
# Multiplexers                                         : 15
 1-bit 2-to-1 multiplexer                              : 5
 1-bit 4-to-1 multiplexer                              : 1
 2-bit 2-to-1 multiplexer                              : 8
 2-bit 4-to-1 multiplexer                              : 1

=========================================================================

=========================================================================
*                         Low Level Synthesis                           *
=========================================================================
WARNING:Xst:3001 - This design contains one or more registers or latches with an active
   asynchronous set and asynchronous reset. While this circuit can be built,
   it creates a sub-optimal implementation in terms of area, power and
   performance. For a more optimal implementation Xilinx highly recommends
   one of the following:

          1) Remove either the set or reset from all registers and latches if
             not needed for required functionality
          2) Modify the code in order to produce a synchronous set
             and/or reset (both is preferred)
          3) Use the -async_to_sync option to transform the asynchronous
             set/reset to synchronous operation
             (timing simulation highly recommended when using this option)

  Please refer to http://www.xilinx.com search string "Kintex7 asynchronous set/reset" for more details.

  List of register instances with asynchronous set and reset:
    state_1 in unit <fsm_1>
    state_0 in unit <fsm_1>


Optimizing unit <fsm_1> ...

Mapping all equations...
Building and optimizing final netlist ...
Found area constraint ratio of 100 (+ 5) on block fsm_1, actual ratio is 0.

Final Macro Processing ...

=========================================================================
Final Register Report

Macro Statistics
# Registers                                            : 5
 Flip-Flops                                            : 5

=========================================================================

=========================================================================
*                           Partition Report                            *
=========================================================================

Partition Implementation Status
-------------------------------

  No Partitions were found in this design.

-------------------------------

=========================================================================
*                            Design Summary                             *
=========================================================================

Top Level Output File Name         : fsm_1.ngc

Primitive and Black Box Usage:
------------------------------
# BELS                             : 11
#      INV                         : 1
#      LUT3                        : 2
#      LUT4                        : 4
#      LUT5                        : 3
#      VCC                         : 1
# FlipFlops/Latches                : 7
#      FDC                         : 2
#      FDE                         : 1
#      FDP                         : 2
#      LDC                         : 2
# Clock Buffers                    : 1
#      BUFGP                       : 1
# IO Buffers                       : 6
#      IBUF                        : 5
#      OBUF                        : 1

Device utilization summary:
---------------------------

Selected Device : 7k70tfbg676-3 


Slice Logic Utilization: 
 Number of Slice Registers:               7  out of  82000     0%  
 Number of Slice LUTs:                   10  out of  41000     0%  
    Number used as Logic:                10  out of  41000     0%  

Slice Logic Distribution: 
 Number of LUT Flip Flop pairs used:     14
   Number with an unused Flip Flop:       7  out of     14    50%  
   Number with an unused LUT:             4  out of     14    28%  
   Number of fully used LUT-FF pairs:     3  out of     14    21%  
   Number of unique control sets:         7

IO Utilization: 
 Number of IOs:                           7
 Number of bonded IOBs:                   7  out of    300     2%  

Specific Feature Utilization:
 Number of BUFG/BUFGCTRLs:                1  out of     32     3%  

---------------------------
Partition Resource Summary:
---------------------------

  No Partitions were found in this design.

---------------------------


=========================================================================
Timing Report

NOTE: THESE TIMING NUMBERS ARE ONLY A SYNTHESIS ESTIMATE.
      FOR ACCURATE TIMING INFORMATION PLEASE REFER TO THE TRACE REPORT
      GENERATED AFTER PLACE-and-ROUTE.

Clock Information:
------------------
--------------------------------------------------------------+------------------------+-------+
Clock Signal                                                  | Clock buffer(FF name)  | Load  |
--------------------------------------------------------------+------------------------+-------+
clk                                                           | BUFGP                  | 5     |
reset_start_state[2]_AND_4_o(reset_start_state[2]_AND_4_o11:O)| NONE(*)(state_0_LDC)   | 1     |
reset_start_state[2]_AND_2_o(reset_start_state[2]_AND_2_o11:O)| NONE(*)(state_1_LDC)   | 1     |
--------------------------------------------------------------+------------------------+-------+
(*) These 2 clock signal(s) are generated by combinatorial logic,
and XST is not able to identify which are the primary clock signals.
Please use the CLOCK_SIGNAL constraint to specify the clock signal(s) generated by combinatorial logic.
INFO:Xst:2169 - HDL ADVISOR - Some clock signals were not automatically buffered by XST with BUFG/BUFR resources. Please use the buffer_type constraint in order to insert these buffers to the clock signals to help prevent skew problems.

Asynchronous Control Signals Information:
----------------------------------------
No asynchronous control signals found in this design

Timing Summary:
---------------
Speed Grade: -3

   Minimum period: 0.960ns (Maximum Frequency: 1041.233MHz)
   Minimum input arrival time before clock: 1.057ns
   Maximum output required time after clock: 0.511ns
   Maximum combinational path delay: No path found

Timing Details:
---------------
All values displayed in nanoseconds (ns)

=========================================================================
Timing constraint: Default period analysis for Clock 'clk'
  Clock period: 0.960ns (frequency: 1041.233MHz)
  Total number of paths / destination ports: 20 / 5
-------------------------------------------------------------------------
Delay:               0.960ns (Levels of Logic = 2)
  Source:            state_1_P_1 (FF)
  Destination:       y (FF)
  Source Clock:      clk rising
  Destination Clock: clk rising

  Data Path: state_1_P_1 to y
                                Gate     Net
    Cell:in->out      fanout   Delay   Delay  Logical Name (Net Name)
    ----------------------------------------  ------------
     FDP:C->Q              3   0.232   0.353  state_1_P_1 (state_1_P_1)
     LUT3:I1->O            1   0.043   0.289  state_11 (state_1)
     LUT5:I4->O            1   0.043   0.000  Mmux_state[1]_y_Mux_10_o11 (state[1]_y_Mux_10_o)
     FDE:D                    -0.001          y
    ----------------------------------------
    Total                      0.960ns (0.318ns logic, 0.642ns route)
                                       (33.1% logic, 66.9% route)

=========================================================================
Timing constraint: Default OFFSET IN BEFORE for Clock 'clk'
  Total number of paths / destination ports: 22 / 10
-------------------------------------------------------------------------
Offset:              1.057ns (Levels of Logic = 2)
  Source:            reset (PAD)
  Destination:       state_0_C_0 (FF)
  Destination Clock: clk rising

  Data Path: reset to state_0_C_0
                                Gate     Net
    Cell:in->out      fanout   Delay   Delay  Logical Name (Net Name)
    ----------------------------------------  ------------
     IBUF:I->O             5   0.000   0.475  reset_IBUF (reset_IBUF)
     LUT4:I0->O            2   0.043   0.283  reset_start_state[2]_AND_3_o11 (reset_start_state[2]_AND_3_o)
     FDC:CLR                   0.255          state_1_C_1
    ----------------------------------------
    Total                      1.057ns (0.298ns logic, 0.759ns route)
                                       (28.2% logic, 71.8% route)

=========================================================================
Timing constraint: Default OFFSET IN BEFORE for Clock 'reset_start_state[2]_AND_4_o'
  Total number of paths / destination ports: 4 / 1
-------------------------------------------------------------------------
Offset:              1.057ns (Levels of Logic = 2)
  Source:            reset (PAD)
  Destination:       state_0_LDC (LATCH)
  Destination Clock: reset_start_state[2]_AND_4_o falling

  Data Path: reset to state_0_LDC
                                Gate     Net
    Cell:in->out      fanout   Delay   Delay  Logical Name (Net Name)
    ----------------------------------------  ------------
     IBUF:I->O             5   0.000   0.475  reset_IBUF (reset_IBUF)
     LUT4:I0->O            2   0.043   0.283  reset_start_state[2]_AND_5_o11 (reset_start_state[2]_AND_5_o)
     LDC:CLR                   0.255          state_0_LDC
    ----------------------------------------
    Total                      1.057ns (0.298ns logic, 0.759ns route)
                                       (28.2% logic, 71.8% route)

=========================================================================
Timing constraint: Default OFFSET IN BEFORE for Clock 'reset_start_state[2]_AND_2_o'
  Total number of paths / destination ports: 4 / 1
-------------------------------------------------------------------------
Offset:              1.057ns (Levels of Logic = 2)
  Source:            reset (PAD)
  Destination:       state_1_LDC (LATCH)
  Destination Clock: reset_start_state[2]_AND_2_o falling

  Data Path: reset to state_1_LDC
                                Gate     Net
    Cell:in->out      fanout   Delay   Delay  Logical Name (Net Name)
    ----------------------------------------  ------------
     IBUF:I->O             5   0.000   0.475  reset_IBUF (reset_IBUF)
     LUT4:I0->O            2   0.043   0.283  reset_start_state[2]_AND_3_o11 (reset_start_state[2]_AND_3_o)
     LDC:CLR                   0.255          state_1_LDC
    ----------------------------------------
    Total                      1.057ns (0.298ns logic, 0.759ns route)
                                       (28.2% logic, 71.8% route)

=========================================================================
Timing constraint: Default OFFSET OUT AFTER for Clock 'clk'
  Total number of paths / destination ports: 1 / 1
-------------------------------------------------------------------------
Offset:              0.511ns (Levels of Logic = 1)
  Source:            y (FF)
  Destination:       y (PAD)
  Source Clock:      clk rising

  Data Path: y to y
                                Gate     Net
    Cell:in->out      fanout   Delay   Delay  Logical Name (Net Name)
    ----------------------------------------  ------------
     FDE:C->Q              1   0.232   0.279  y (y_OBUF)
     OBUF:I->O                 0.000          y_OBUF (y)
    ----------------------------------------
    Total                      0.511ns (0.232ns logic, 0.279ns route)
                                       (45.4% logic, 54.6% route)

=========================================================================

Cross Clock Domains Report:
--------------------------

Clock to Setup on destination clock clk
----------------------------+---------+---------+---------+---------+
                            | Src:Rise| Src:Fall| Src:Rise| Src:Fall|
Source Clock                |Dest:Rise|Dest:Rise|Dest:Fall|Dest:Fall|
----------------------------+---------+---------+---------+---------+
clk                         |    0.960|         |         |         |
reset_start_state[2]_AND_2_o|         |    1.139|         |         |
reset_start_state[2]_AND_4_o|         |    1.138|         |         |
----------------------------+---------+---------+---------+---------+

=========================================================================


Total REAL time to Xst completion: 7.00 secs
Total CPU time to Xst completion: 7.32 secs
 
--> 

Total memory usage is 4617840 kilobytes

Number of errors   :    0 (   0 filtered)
Number of warnings :    2 (   0 filtered)
Number of infos    :    1 (   0 filtered)

